INFO:root:Started
INFO:WDM:

INFO:WDM:====== WebDriver manager ======
INFO:WDM:Current google-chrome version is 92.0.4515
INFO:WDM:Get LATEST driver version for 92.0.4515
INFO:WDM:There is no [win32] chromedriver for browser 92.0.4515 in cache
INFO:WDM:Get LATEST driver version for 92.0.4515
INFO:WDM:Trying to download new driver from https://chromedriver.storage.googleapis.com/92.0.4515.107/chromedriver_win32.zip
INFO:WDM:Driver has been saved in cache [C:\Users\user\.wdm\drivers\chromedriver\win32\92.0.4515.107]
INFO:root:Finished
INFO:root:Started
INFO:root:Finished
INFO:root:Started
INFO:root:Finished
INFO:root:Started
INFO:root:Finished
INFO:root:Started
INFO:root:Finished
INFO:root:Started
INFO:WDM:

INFO:WDM:====== WebDriver manager ======
INFO:WDM:Current google-chrome version is 92.0.4515
INFO:WDM:Get LATEST driver version for 92.0.4515
INFO:WDM:Get LATEST driver version for 92.0.4515
INFO:WDM:Trying to download new driver from https://chromedriver.storage.googleapis.com/92.0.4515.107/chromedriver_win32.zip
INFO:WDM:Driver has been saved in cache [C:\Users\user\.wdm\drivers\chromedriver\win32\92.0.4515.107]
INFO:root:Finished
INFO:root:Started
INFO:root:Finished
INFO:root:Started
INFO:root:Finished
INFO:root:Started
INFO:root:Finished
INFO:root:Started
INFO:WDM:

INFO:WDM:====== WebDriver manager ======
INFO:WDM:Current google-chrome version is 92.0.4515
INFO:WDM:Get LATEST driver version for 92.0.4515
INFO:WDM:Get LATEST driver version for 92.0.4515
INFO:WDM:Trying to download new driver from https://chromedriver.storage.googleapis.com/92.0.4515.107/chromedriver_win32.zip
INFO:WDM:Driver has been saved in cache [C:\Users\user\.wdm\drivers\chromedriver\win32\92.0.4515.107]
INFO:WDM:

INFO:WDM:====== WebDriver manager ======
INFO:WDM:Current google-chrome version is 92.0.4515
INFO:WDM:Get LATEST driver version for 92.0.4515
INFO:WDM:Driver [C:\Users\user\.wdm\drivers\chromedriver\win32\92.0.4515.107\chromedriver.exe] found in cache
INFO:WDM:

INFO:WDM:====== WebDriver manager ======
INFO:WDM:Current google-chrome version is 92.0.4515
INFO:WDM:Get LATEST driver version for 92.0.4515
INFO:WDM:Driver [C:\Users\user\.wdm\drivers\chromedriver\win32\92.0.4515.107\chromedriver.exe] found in cache
INFO:WDM:

INFO:WDM:====== WebDriver manager ======
INFO:WDM:Current google-chrome version is 92.0.4515
INFO:WDM:Get LATEST driver version for 92.0.4515
INFO:WDM:Driver [C:\Users\user\.wdm\drivers\chromedriver\win32\92.0.4515.107\chromedriver.exe] found in cache
INFO:root:Started
INFO:WDM:

INFO:WDM:====== WebDriver manager ======
INFO:WDM:Current google-chrome version is 92.0.4515
INFO:WDM:Get LATEST driver version for 92.0.4515
INFO:WDM:Driver [C:\Users\user\.wdm\drivers\chromedriver\win32\92.0.4515.107\chromedriver.exe] found in cache
INFO:root:Started
INFO:root:Finished
